<?xml version="1.0" encoding="UTF-8"?>
<!-- Generated by org.testng.reporters.JUnitReportReporter -->
<testsuite skipped="0" hostname="MacBook-Pro.local" name="com.web.conduit.testcases.ConduitTestCases" tests="5" failures="0" timestamp="12 Jun 2021 07:11:30 GMT" time="36.435" errors="0">
  <testcase name="verifySelectedTagInDetailedAuthorViewAndVerifyItsOccurence" time="7.458" classname="com.web.conduit.testcases.ConduitTestCases"/>
  <testcase name="verifyUpdateActiveTagFunctionality" time="6.404" classname="com.web.conduit.testcases.ConduitTestCases"/>
  <testcase name="verifySelectingATagWhichIsAlreadyActive" time="6.244" classname="com.web.conduit.testcases.ConduitTestCases"/>
  <testcase name="verifyPopularTagCountBeforeAndAfterSelectingtheAuthor" time="10.105" classname="com.web.conduit.testcases.ConduitTestCases"/>
  <testcase name="verifySelectionOfPopularTags" time="6.224" classname="com.web.conduit.testcases.ConduitTestCases"/>
</testsuite> <!-- com.web.conduit.testcases.ConduitTestCases -->
