<?xml version="1.0" encoding="UTF-8"?>
<!-- Generated by org.testng.reporters.JUnitReportReporter -->
<testsuite skipped="0" hostname="MacBook-Pro.local" name="com.web.conduit.testcases.ConduitTestCases" tests="5" failures="0" timestamp="11 Jun 2021 23:35:46 GMT" time="38.406" errors="0">
  <testcase name="verifyUpdateActiveTagFunctionality" time="5.581" classname="com.web.conduit.testcases.ConduitTestCases"/>
  <testcase name="verifyPopularTagCountBeforeAndAfterSelectingtheAuthor" time="14.779" classname="com.web.conduit.testcases.ConduitTestCases"/>
  <testcase name="verifySelectingATagWhichIsAlreadyActive" time="4.554" classname="com.web.conduit.testcases.ConduitTestCases"/>
  <testcase name="verifySelectionOfPopularTags" time="6.256" classname="com.web.conduit.testcases.ConduitTestCases"/>
  <testcase name="verifySelectedTagInDetailedAuthorViewAndVerifyItsOccurence" time="7.236" classname="com.web.conduit.testcases.ConduitTestCases"/>
</testsuite> <!-- com.web.conduit.testcases.ConduitTestCases -->
