<?xml version="1.0" encoding="UTF-8"?>
<!-- Generated by org.testng.reporters.JUnitReportReporter -->
<testsuite skipped="0" hostname="MacBook-Pro.local" name="com.web.conduit.testcases.ConduitTestCases" tests="5" failures="0" timestamp="12 Jun 2021 05:44:14 GMT" time="33.405" errors="0">
  <testcase name="verifySelectedTagInDetailedAuthorViewAndVerifyItsOccurence" time="7.002" classname="com.web.conduit.testcases.ConduitTestCases"/>
  <testcase name="verifyUpdateActiveTagFunctionality" time="5.344" classname="com.web.conduit.testcases.ConduitTestCases"/>
  <testcase name="verifySelectingATagWhichIsAlreadyActive" time="5.549" classname="com.web.conduit.testcases.ConduitTestCases"/>
  <testcase name="verifyPopularTagCountBeforeAndAfterSelectingtheAuthor" time="9.857" classname="com.web.conduit.testcases.ConduitTestCases"/>
  <testcase name="verifySelectionOfPopularTags" time="5.653" classname="com.web.conduit.testcases.ConduitTestCases"/>
</testsuite> <!-- com.web.conduit.testcases.ConduitTestCases -->
